<?xml version="1.0" encoding="UTF-8"?>
<testng-results ignored="0" total="5" passed="5" failed="0" skipped="0">
  <reporter-output>
  </reporter-output>
  <suite started-at="2024-10-13T13:53:15Z" name="Default suite" finished-at="2024-10-13T13:54:53Z" duration-ms="98307">
    <groups>
      <group name="cucumber">
        <method signature="AbstractTestNGCucumberTests.runScenario(cucumber.api.testng.PickleEventWrapper, cucumber.api.testng.CucumberFeatureWrapper)[pri:0, instance:testRunner.Runner@a4add54]" name="runScenario" class="cucumber.api.testng.AbstractTestNGCucumberTests"/>
      </group> <!-- cucumber -->
    </groups>
    <test started-at="2024-10-13T13:53:15Z" name="Default test" finished-at="2024-10-13T13:54:53Z" duration-ms="98307">
      <class name="testRunner.Runner">
        <test-method is-config="true" signature="setUpClass()[pri:0, instance:testRunner.Runner@a4add54]" started-at="2024-10-13T13:53:15Z" name="setUpClass" finished-at="2024-10-13T13:53:15Z" duration-ms="230" status="PASS">
          <reporter-output>
          </reporter-output>
        </test-method> <!-- setUpClass -->
        <test-method signature="runScenario(cucumber.api.testng.PickleEventWrapper, cucumber.api.testng.CucumberFeatureWrapper)[pri:0, instance:testRunner.Runner@a4add54]" started-at="2024-10-13T13:53:15Z" name="runScenario" description="Runs Cucumber Scenarios" data-provider="scenarios" finished-at="2024-10-13T13:53:38Z" duration-ms="23092" status="PASS">
          <params>
            <param index="0">
              <value>
                <![CDATA["Adding book to the cart"]]>
              </value>
            </param>
            <param index="1">
              <value>
                <![CDATA["Add books to the cart"]]>
              </value>
            </param>
          </params>
          <reporter-output>
          </reporter-output>
        </test-method> <!-- runScenario -->
        <test-method signature="runScenario(cucumber.api.testng.PickleEventWrapper, cucumber.api.testng.CucumberFeatureWrapper)[pri:0, instance:testRunner.Runner@a4add54]" started-at="2024-10-13T13:53:38Z" name="runScenario" description="Runs Cucumber Scenarios" data-provider="scenarios" finished-at="2024-10-13T13:53:57Z" duration-ms="18400" status="PASS">
          <params>
            <param index="0">
              <value>
                <![CDATA["Login should be success"]]>
              </value>
            </param>
            <param index="1">
              <value>
                <![CDATA["BookCart Application Tests"]]>
              </value>
            </param>
          </params>
          <reporter-output>
          </reporter-output>
        </test-method> <!-- runScenario -->
        <test-method signature="runScenario(cucumber.api.testng.PickleEventWrapper, cucumber.api.testng.CucumberFeatureWrapper)[pri:0, instance:testRunner.Runner@a4add54]" started-at="2024-10-13T13:53:57Z" name="runScenario" description="Runs Cucumber Scenarios" data-provider="scenarios" finished-at="2024-10-13T13:54:15Z" duration-ms="18583" status="PASS">
          <params>
            <param index="0">
              <value>
                <![CDATA["Login should not be success"]]>
              </value>
            </param>
            <param index="1">
              <value>
                <![CDATA["BookCart Application Tests"]]>
              </value>
            </param>
          </params>
          <reporter-output>
          </reporter-output>
        </test-method> <!-- runScenario -->
        <test-method signature="runScenario(cucumber.api.testng.PickleEventWrapper, cucumber.api.testng.CucumberFeatureWrapper)[pri:0, instance:testRunner.Runner@a4add54]" started-at="2024-10-13T13:54:15Z" name="runScenario" description="Runs Cucumber Scenarios" data-provider="scenarios" finished-at="2024-10-13T13:54:34Z" duration-ms="18841" status="PASS">
          <params>
            <param index="0">
              <value>
                <![CDATA["Login should not be success"]]>
              </value>
            </param>
            <param index="1">
              <value>
                <![CDATA["BookCart Application Tests"]]>
              </value>
            </param>
          </params>
          <reporter-output>
          </reporter-output>
        </test-method> <!-- runScenario -->
        <test-method signature="runScenario(cucumber.api.testng.PickleEventWrapper, cucumber.api.testng.CucumberFeatureWrapper)[pri:0, instance:testRunner.Runner@a4add54]" started-at="2024-10-13T13:54:34Z" name="runScenario" description="Runs Cucumber Scenarios" data-provider="scenarios" finished-at="2024-10-13T13:54:53Z" duration-ms="18783" status="PASS">
          <params>
            <param index="0">
              <value>
                <![CDATA["Login should not be success"]]>
              </value>
            </param>
            <param index="1">
              <value>
                <![CDATA["BookCart Application Tests"]]>
              </value>
            </param>
          </params>
          <reporter-output>
          </reporter-output>
        </test-method> <!-- runScenario -->
        <test-method is-config="true" signature="tearDownClass()[pri:0, instance:testRunner.Runner@a4add54]" started-at="2024-10-13T13:54:53Z" name="tearDownClass" finished-at="2024-10-13T13:54:53Z" duration-ms="296" status="PASS">
          <reporter-output>
          </reporter-output>
        </test-method> <!-- tearDownClass -->
      </class> <!-- testRunner.Runner -->
    </test> <!-- Default test -->
  </suite> <!-- Default suite -->
</testng-results>
